#
# There is insufficient memory for the Java Runtime Environment to continue.
# Cannot create GC thread. Out of system resources.
# Possible reasons:
#   The system is out of physical RAM or swap space
#   In 32 bit mode, the process size limit was hit
# Possible solutions:
#   Reduce memory load on the system
#   Increase physical memory or swap space
#   Check if swap backing store is full
#   Use 64 bit Java on a 64 bit OS
#   Decrease Java heap size (-Xmx/-Xms)
#   Decrease number of Java threads
#   Decrease Java thread stack sizes (-Xss)
#   Set larger code cache with -XX:ReservedCodeCacheSize=
# This output file may be truncated or incomplete.
#
#  Out of Memory Error (gcTaskThread.cpp:48), pid=27729, tid=140435606243072
#
# JRE version:  (8.0_66-b17) (build )
# Java VM: Java HotSpot(TM) 64-Bit Server VM (25.66-b17 mixed mode linux-amd64 compressed oops)
# Failed to write core dump. Core dumps have been disabled. To enable core dumping, try "ulimit -c unlimited" before starting Java again
#

---------------  T H R E A D  ---------------

Current thread (0x0000000001d03000):  JavaThread "Unknown thread" [_thread_in_vm, id=27729, stack(0x00007ffe2e224000,0x00007ffe2e324000)]

Stack: [0x00007ffe2e224000,0x00007ffe2e324000],  sp=0x00007ffe2e31de60,  free space=999k
Native frames: (J=compiled Java code, j=interpreted, Vv=VM code, C=native code)
V  [libjvm.so+0xab9a1a]  VMError::report_and_die()+0x2ba
V  [libjvm.so+0x4f9e0b]  report_vm_out_of_memory(char const*, int, unsigned long, VMErrorType, char const*)+0x8b
V  [libjvm.so+0x5d37bf]  GCTaskThread::GCTaskThread(GCTaskManager*, unsigned int, unsigned int)+0x15f
V  [libjvm.so+0x5d257b]  GCTaskManager::initialize()+0x3ab
V  [libjvm.so+0x93dd3d]  ParallelScavengeHeap::initialize()+0x34d
V  [libjvm.so+0xa8224b]  Universe::initialize_heap()+0xfb
V  [libjvm.so+0xa825be]  universe_init()+0x3e
V  [libjvm.so+0x6388f5]  init_globals()+0x65
V  [libjvm.so+0xa667be]  Threads::create_vm(JavaVMInitArgs*, bool*)+0x23e
V  [libjvm.so+0x6cce14]  JNI_CreateJavaVM+0x74
C  [libjli.so+0x745e]  JavaMain+0x9e
C  [libjli.so+0xb213]  ContinueInNewThread0+0x63
C  [libjli.so+0x697a]  ContinueInNewThread+0x7a
C  [libjli.so+0x99e8]  JLI_Launch+0x798
C  [java+0x696]  JLI_Launch@@SUNWprivate_1.1+0x696
C  [libc.so.6+0x1ed5d]  __libc_start_main+0xfd


---------------  P R O C E S S  ---------------

Java Threads: ( => current thread )

Other Threads:

=>0x0000000001d03000 (exited) JavaThread "Unknown thread" [_thread_in_vm, id=27729, stack(0x00007ffe2e224000,0x00007ffe2e324000)]

VM state:not at safepoint (not fully initialized)

VM Mutex/Monitor currently owned by a thread: None

GC Heap History (0 events):
No events

Deoptimization events (0 events):
No events

Internal exceptions (0 events):
No events

Events (0 events):
No events


Dynamic libraries:
00400000-00401000 r-xp 00000000 00:27 28864411                           /nfs4/sol.ita.chalmers.se/ufs/groups/manual03/sup/sup64/jdk-1.8.0_66/bin/java
00600000-00601000 rw-p 00000000 00:27 28864411                           /nfs4/sol.ita.chalmers.se/ufs/groups/manual03/sup/sup64/jdk-1.8.0_66/bin/java
01cf7000-01d39000 rw-p 00000000 00:00 0                                  [heap]
6c6800000-6d0f00000 rw-p 00000000 00:00 0 
6d0f00000-76cd80000 ---p 00000000 00:00 0 
76cd80000-772080000 rw-p 00000000 00:00 0 
772080000-7c0000000 ---p 00000000 00:00 0 
3106000000-3106020000 r-xp 00000000 08:03 525796                         /lib64/ld-2.12.so
310621f000-3106220000 r--p 0001f000 08:03 525796                         /lib64/ld-2.12.so
3106220000-3106221000 rw-p 00020000 08:03 525796                         /lib64/ld-2.12.so
3106221000-3106222000 rw-p 00000000 00:00 0 
3106800000-310698a000 r-xp 00000000 08:03 537946                         /lib64/libc-2.12.so
310698a000-3106b8a000 ---p 0018a000 08:03 537946                         /lib64/libc-2.12.so
3106b8a000-3106b8e000 r--p 0018a000 08:03 537946                         /lib64/libc-2.12.so
3106b8e000-3106b8f000 rw-p 0018e000 08:03 537946                         /lib64/libc-2.12.so
3106b8f000-3106b94000 rw-p 00000000 00:00 0 
3106c00000-3106c02000 r-xp 00000000 08:03 560071                         /lib64/libdl-2.12.so
3106c02000-3106e02000 ---p 00002000 08:03 560071                         /lib64/libdl-2.12.so
3106e02000-3106e03000 r--p 00002000 08:03 560071                         /lib64/libdl-2.12.so
3106e03000-3106e04000 rw-p 00003000 08:03 560071                         /lib64/libdl-2.12.so
3107000000-3107017000 r-xp 00000000 08:03 560070                         /lib64/libpthread-2.12.so
3107017000-3107217000 ---p 00017000 08:03 560070                         /lib64/libpthread-2.12.so
3107217000-3107218000 r--p 00017000 08:03 560070                         /lib64/libpthread-2.12.so
3107218000-3107219000 rw-p 00018000 08:03 560070                         /lib64/libpthread-2.12.so
3107219000-310721d000 rw-p 00000000 00:00 0 
3107400000-3107483000 r-xp 00000000 08:03 545970                         /lib64/libm-2.12.so
3107483000-3107682000 ---p 00083000 08:03 545970                         /lib64/libm-2.12.so
3107682000-3107683000 r--p 00082000 08:03 545970                         /lib64/libm-2.12.so
3107683000-3107684000 rw-p 00083000 08:03 545970                         /lib64/libm-2.12.so
3107800000-3107807000 r-xp 00000000 08:03 560073                         /lib64/librt-2.12.so
3107807000-3107a06000 ---p 00007000 08:03 560073                         /lib64/librt-2.12.so
3107a06000-3107a07000 r--p 00006000 08:03 560073                         /lib64/librt-2.12.so
3107a07000-3107a08000 rw-p 00007000 08:03 560073                         /lib64/librt-2.12.so
7fb99e513000-7fb99e7ec000 rw-p 00000000 00:00 0 
7fb99e7ec000-7fb99eccb000 ---p 00000000 00:00 0 
7fb99eccb000-7fb99ed1f000 rw-p 00000000 00:00 0 
7fb99ed1f000-7fb99f1fd000 ---p 00000000 00:00 0 
7fb99f1fd000-7fb99f228000 rw-p 00000000 00:00 0 
7fb99f228000-7fb99f497000 ---p 00000000 00:00 0 
7fb99f497000-7fb99f4a2000 rw-p 00000000 00:00 0 
7fb99f4a2000-7fb99f858000 ---p 00000000 00:00 0 
7fb99f858000-7fb99fac8000 rwxp 00000000 00:00 0 
7fb99fac8000-7fb9ae858000 ---p 00000000 00:00 0 
7fb9ae858000-7fb9ae872000 r-xp 00000000 00:27 28464749                   /nfs4/sol.ita.chalmers.se/ufs/groups/manual03/sup/sup64/jdk-1.8.0_66/jre/lib/amd64/libzip.so
7fb9ae872000-7fb9aea72000 ---p 0001a000 00:27 28464749                   /nfs4/sol.ita.chalmers.se/ufs/groups/manual03/sup/sup64/jdk-1.8.0_66/jre/lib/amd64/libzip.so
7fb9aea72000-7fb9aea73000 rw-p 0001a000 00:27 28464749                   /nfs4/sol.ita.chalmers.se/ufs/groups/manual03/sup/sup64/jdk-1.8.0_66/jre/lib/amd64/libzip.so
7fb9aea73000-7fb9aea7b000 rw-s 00000000 08:04 13896891                   /scratch/tmp/hsperfdata_simp/27729
7fb9aea7b000-7fb9aeee3000 r--s 00000000 08:03 914835                     /var/run/nscd/dbiTYu9R (deleted)
7fb9aeee3000-7fb9b4d74000 r--p 00000000 08:03 474103                     /usr/lib/locale/locale-archive
7fb9b4d74000-7fb9b4d76000 r-xp 00000000 00:27 28464720                   /nfs4/sol.ita.chalmers.se/ufs/groups/manual03/sup/sup64/jdk-1.8.0_66/jre/lib/amd64/libnpt.so
7fb9b4d76000-7fb9b4f76000 ---p 00002000 00:27 28464720                   /nfs4/sol.ita.chalmers.se/ufs/groups/manual03/sup/sup64/jdk-1.8.0_66/jre/lib/amd64/libnpt.so
7fb9b4f76000-7fb9b4f77000 rw-p 00002000 00:27 28464720                   /nfs4/sol.ita.chalmers.se/ufs/groups/manual03/sup/sup64/jdk-1.8.0_66/jre/lib/amd64/libnpt.so
7fb9b4f77000-7fb9b4fb0000 r-xp 00000000 00:27 28464738                   /nfs4/sol.ita.chalmers.se/ufs/groups/manual03/sup/sup64/jdk-1.8.0_66/jre/lib/amd64/libjdwp.so
7fb9b4fb0000-7fb9b51af000 ---p 00039000 00:27 28464738                   /nfs4/sol.ita.chalmers.se/ufs/groups/manual03/sup/sup64/jdk-1.8.0_66/jre/lib/amd64/libjdwp.so
7fb9b51af000-7fb9b51b1000 rw-p 00038000 00:27 28464738                   /nfs4/sol.ita.chalmers.se/ufs/groups/manual03/sup/sup64/jdk-1.8.0_66/jre/lib/amd64/libjdwp.so
7fb9b51b1000-7fb9b51db000 r-xp 00000000 00:27 28464744                   /nfs4/sol.ita.chalmers.se/ufs/groups/manual03/sup/sup64/jdk-1.8.0_66/jre/lib/amd64/libjava.so
7fb9b51db000-7fb9b53db000 ---p 0002a000 00:27 28464744                   /nfs4/sol.ita.chalmers.se/ufs/groups/manual03/sup/sup64/jdk-1.8.0_66/jre/lib/amd64/libjava.so
7fb9b53db000-7fb9b53dd000 rw-p 0002a000 00:27 28464744                   /nfs4/sol.ita.chalmers.se/ufs/groups/manual03/sup/sup64/jdk-1.8.0_66/jre/lib/amd64/libjava.so
7fb9b53dd000-7fb9b53ea000 r-xp 00000000 00:27 28464748                   /nfs4/sol.ita.chalmers.se/ufs/groups/manual03/sup/sup64/jdk-1.8.0_66/jre/lib/amd64/libverify.so
7fb9b53ea000-7fb9b55ea000 ---p 0000d000 00:27 28464748                   /nfs4/sol.ita.chalmers.se/ufs/groups/manual03/sup/sup64/jdk-1.8.0_66/jre/lib/amd64/libverify.so
7fb9b55ea000-7fb9b55ec000 rw-p 0000d000 00:27 28464748                   /nfs4/sol.ita.chalmers.se/ufs/groups/manual03/sup/sup64/jdk-1.8.0_66/jre/lib/amd64/libverify.so
7fb9b55ec000-7fb9b55ed000 ---p 00000000 00:00 0 
7fb9b55ed000-7fb9b56ed000 rw-p 00000000 00:00 0 
7fb9b56ed000-7fb9b63ab000 r-xp 00000000 00:27 28464727                   /nfs4/sol.ita.chalmers.se/ufs/groups/manual03/sup/sup64/jdk-1.8.0_66/jre/lib/amd64/server/libjvm.so
7fb9b63ab000-7fb9b65aa000 ---p 00cbe000 00:27 28464727                   /nfs4/sol.ita.chalmers.se/ufs/groups/manual03/sup/sup64/jdk-1.8.0_66/jre/lib/amd64/server/libjvm.so
7fb9b65aa000-7fb9b6683000 rw-p 00cbd000 00:27 28464727                   /nfs4/sol.ita.chalmers.se/ufs/groups/manual03/sup/sup64/jdk-1.8.0_66/jre/lib/amd64/server/libjvm.so
7fb9b6683000-7fb9b66ca000 rw-p 00000000 00:00 0 
7fb9b66ca000-7fb9b66df000 r-xp 00000000 00:27 28464364                   /nfs4/sol.ita.chalmers.se/ufs/groups/manual03/sup/sup64/jdk-1.8.0_66/lib/amd64/jli/libjli.so
7fb9b66df000-7fb9b68df000 ---p 00015000 00:27 28464364                   /nfs4/sol.ita.chalmers.se/ufs/groups/manual03/sup/sup64/jdk-1.8.0_66/lib/amd64/jli/libjli.so
7fb9b68df000-7fb9b68e0000 rw-p 00015000 00:27 28464364                   /nfs4/sol.ita.chalmers.se/ufs/groups/manual03/sup/sup64/jdk-1.8.0_66/lib/amd64/jli/libjli.so
7fb9b68e0000-7fb9b68e1000 rw-p 00000000 00:00 0 
7fb9b693b000-7fb9b6954000 rw-p 00000000 00:00 0 
7fb9b6954000-7fb9b6955000 r--p 00000000 00:00 0 
7fb9b6955000-7fb9b6956000 rw-p 00000000 00:00 0 
7ffe2e224000-7ffe2e227000 ---p 00000000 00:00 0 
7ffe2e228000-7ffe2e324000 rw-p 00000000 00:00 0                          [stack]
7ffe2e3e8000-7ffe2e3e9000 r-xp 00000000 00:00 0                          [vdso]
ffffffffff600000-ffffffffff601000 r-xp 00000000 00:00 0                  [vsyscall]

VM Arguments:
jvm_args: -agentlib:jdwp=transport=dt_socket,suspend=y,address=localhost:55114 -Dfile.encoding=UTF-8 
java_command: Lab1A
java_class_path (initial): /chalmers/users/simp/workspace/DataStrukt/Lab1/bin
Launcher Type: SUN_STANDARD

Environment Variables:
PATH=/chalmers/users/simp/.vcs4/select:/chalmers/sw/vcs/core/bin:/chalmers/sw/sup64/phc/b/binh:/chalmers/sw/sup/phc/b/binh:/bin:/usr/bin:/usr/sbin:/usr/kerberos/bin:/usr/X11R6/bin:/usr/local/bin:/chalmers/sw/sup64/phc/b/binl:/chalmers/sw/sup/phc/b/binl
USERNAME=simp
LD_LIBRARY_PATH=/chalmers/sw/sup64/eclipse-4.2.1/oldlibs
SHELL=/bin/bash
DISPLAY=:0.0

Signal Handlers:
SIGSEGV: [libjvm.so+0xaba2a0], sa_mask[0]=11111111011111111101111111111110, sa_flags=SA_RESTART|SA_SIGINFO
SIGBUS: [libjvm.so+0xaba2a0], sa_mask[0]=11111111011111111101111111111110, sa_flags=SA_RESTART|SA_SIGINFO
SIGFPE: [libjvm.so+0x917710], sa_mask[0]=11111111011111111101111111111110, sa_flags=SA_RESTART|SA_SIGINFO
SIGPIPE: [libjvm.so+0x917710], sa_mask[0]=11111111011111111101111111111110, sa_flags=SA_RESTART|SA_SIGINFO
SIGXFSZ: [libjvm.so+0x917710], sa_mask[0]=11111111011111111101111111111110, sa_flags=SA_RESTART|SA_SIGINFO
SIGILL: [libjvm.so+0x917710], sa_mask[0]=11111111011111111101111111111110, sa_flags=SA_RESTART|SA_SIGINFO
SIGUSR1: SIG_DFL, sa_mask[0]=00000000000000000000000000000000, sa_flags=none
SIGUSR2: [libjvm.so+0x918d40], sa_mask[0]=00100000000000000000000000000000, sa_flags=SA_RESTART|SA_SIGINFO
SIGHUP: SIG_DFL, sa_mask[0]=00000000000000000000000000000000, sa_flags=none
SIGINT: SIG_DFL, sa_mask[0]=00000000000000000000000000000000, sa_flags=none
SIGTERM: SIG_DFL, sa_mask[0]=00000000000000000000000000000000, sa_flags=none
SIGQUIT: SIG_DFL, sa_mask[0]=00000000000000000000000000000000, sa_flags=none


---------------  S Y S T E M  ---------------

OS:Red Hat Enterprise Linux Workstation release 6.6 (Santiago)

uname:Linux 2.6.32-573.3.1.el6.x86_64 #1 SMP Mon Aug 10 09:44:54 EDT 2015 x86_64
libc:glibc 2.12 NPTL 2.12 
rlimit: STACK 10240k, CORE 0k, NPROC 500, NOFILE 4096, AS infinity
load average:0.70 0.59 0.33

/proc/meminfo:
MemTotal:       16347912 kB
MemFree:         8028952 kB
Buffers:          533132 kB
Cached:          4473500 kB
SwapCached:            0 kB
Active:          5329428 kB
Inactive:        1617992 kB
Active(anon):    1947884 kB
Inactive(anon):    30792 kB
Active(file):    3381544 kB
Inactive(file):  1587200 kB
Unevictable:          16 kB
Mlocked:              16 kB
SwapTotal:       7812092 kB
SwapFree:        7812092 kB
Dirty:               684 kB
Writeback:             0 kB
AnonPages:       1940988 kB
Mapped:           295852 kB
Shmem:             37896 kB
Slab:            1119868 kB
SReclaimable:    1044900 kB
SUnreclaim:        74968 kB
KernelStack:       13968 kB
PageTables:        45520 kB
NFS_Unstable:          0 kB
Bounce:                0 kB
WritebackTmp:          0 kB
CommitLimit:    15986048 kB
Committed_AS:    9936236 kB
VmallocTotal:   34359738367 kB
VmallocUsed:      153596 kB
VmallocChunk:   34359572476 kB
HardwareCorrupted:     0 kB
AnonHugePages:    999424 kB
HugePages_Total:       0
HugePages_Free:        0
HugePages_Rsvd:        0
HugePages_Surp:        0
Hugepagesize:       2048 kB
DirectMap4k:      329728 kB
DirectMap2M:    16406528 kB


CPU:total 4 (4 cores per cpu, 1 threads per core) family 6 model 58 stepping 9, cmov, cx8, fxsr, mmx, sse, sse2, sse3, ssse3, sse4.1, sse4.2, popcnt, avx, aes, clmul, erms, tsc, tscinvbit, tscinv

/proc/cpuinfo:
processor	: 0
vendor_id	: GenuineIntel
cpu family	: 6
model		: 58
model name	: Intel(R) Core(TM) i5-3470S CPU @ 2.90GHz
stepping	: 9
microcode	: 27
cpu MHz		: 2901.000
cache size	: 6144 KB
physical id	: 0
siblings	: 4
core id		: 0
cpu cores	: 4
apicid		: 0
initial apicid	: 0
fpu		: yes
fpu_exception	: yes
cpuid level	: 13
wp		: yes
flags		: fpu vme de pse tsc msr pae mce cx8 apic sep mtrr pge mca cmov pat pse36 clflush dts acpi mmx fxsr sse sse2 ss ht tm pbe syscall nx rdtscp lm constant_tsc arch_perfmon pebs bts rep_good xtopology nonstop_tsc aperfmperf pni pclmulqdq dtes64 monitor ds_cpl vmx smx est tm2 ssse3 cx16 xtpr pdcm pcid sse4_1 sse4_2 x2apic popcnt tsc_deadline_timer aes xsave avx f16c rdrand lahf_lm ida arat epb xsaveopt pln pts dts tpr_shadow vnmi flexpriority ept vpid fsgsbase smep erms
bogomips	: 5786.80
clflush size	: 64
cache_alignment	: 64
address sizes	: 36 bits physical, 48 bits virtual
power management:

processor	: 1
vendor_id	: GenuineIntel
cpu family	: 6
model		: 58
model name	: Intel(R) Core(TM) i5-3470S CPU @ 2.90GHz
stepping	: 9
microcode	: 27
cpu MHz		: 2901.000
cache size	: 6144 KB
physical id	: 0
siblings	: 4
core id		: 1
cpu cores	: 4
apicid		: 2
initial apicid	: 2
fpu		: yes
fpu_exception	: yes
cpuid level	: 13
wp		: yes
flags		: fpu vme de pse tsc msr pae mce cx8 apic sep mtrr pge mca cmov pat pse36 clflush dts acpi mmx fxsr sse sse2 ss ht tm pbe syscall nx rdtscp lm constant_tsc arch_perfmon pebs bts rep_good xtopology nonstop_tsc aperfmperf pni pclmulqdq dtes64 monitor ds_cpl vmx smx est tm2 ssse3 cx16 xtpr pdcm pcid sse4_1 sse4_2 x2apic popcnt tsc_deadline_timer aes xsave avx f16c rdrand lahf_lm ida arat epb xsaveopt pln pts dts tpr_shadow vnmi flexpriority ept vpid fsgsbase smep erms
bogomips	: 5786.80
clflush size	: 64
cache_alignment	: 64
address sizes	: 36 bits physical, 48 bits virtual
power management:

processor	: 2
vendor_id	: GenuineIntel
cpu family	: 6
model		: 58
model name	: Intel(R) Core(TM) i5-3470S CPU @ 2.90GHz
stepping	: 9
microcode	: 27
cpu MHz		: 1600.000
cache size	: 6144 KB
physical id	: 0
siblings	: 4
core id		: 2
cpu cores	: 4
apicid		: 4
initial apicid	: 4
fpu		: yes
fpu_exception	: yes
cpuid level	: 13
wp		: yes
flags		: fpu vme de pse tsc msr pae mce cx8 apic sep mtrr pge mca cmov pat pse36 clflush dts acpi mmx fxsr sse sse2 ss ht tm pbe syscall nx rdtscp lm constant_tsc arch_perfmon pebs bts rep_good xtopology nonstop_tsc aperfmperf pni pclmulqdq dtes64 monitor ds_cpl vmx smx est tm2 ssse3 cx16 xtpr pdcm pcid sse4_1 sse4_2 x2apic popcnt tsc_deadline_timer aes xsave avx f16c rdrand lahf_lm ida arat epb xsaveopt pln pts dts tpr_shadow vnmi flexpriority ept vpid fsgsbase smep erms
bogomips	: 5786.80
clflush size	: 64
cache_alignment	: 64
address sizes	: 36 bits physical, 48 bits virtual
power management:

processor	: 3
vendor_id	: GenuineIntel
cpu family	: 6
model		: 58
model name	: Intel(R) Core(TM) i5-3470S CPU @ 2.90GHz
stepping	: 9
microcode	: 27
cpu MHz		: 2901.000
cache size	: 6144 KB
physical id	: 0
siblings	: 4
core id		: 3
cpu cores	: 4
apicid		: 6
initial apicid	: 6
fpu		: yes
fpu_exception	: yes
cpuid level	: 13
wp		: yes
flags		: fpu vme de pse tsc msr pae mce cx8 apic sep mtrr pge mca cmov pat pse36 clflush dts acpi mmx fxsr sse sse2 ss ht tm pbe syscall nx rdtscp lm constant_tsc arch_perfmon pebs bts rep_good xtopology nonstop_tsc aperfmperf pni pclmulqdq dtes64 monitor ds_cpl vmx smx est tm2 ssse3 cx16 xtpr pdcm pcid sse4_1 sse4_2 x2apic popcnt tsc_deadline_timer aes xsave avx f16c rdrand lahf_lm ida arat epb xsaveopt pln pts dts tpr_shadow vnmi flexpriority ept vpid fsgsbase smep erms
bogomips	: 5786.80
clflush size	: 64
cache_alignment	: 64
address sizes	: 36 bits physical, 48 bits virtual
power management:



Memory: 4k page, physical 16347912k(8028952k free), swap 7812092k(7812092k free)

vm_info: Java HotSpot(TM) 64-Bit Server VM (25.66-b17) for linux-amd64 JRE (1.8.0_66-b17), built on Oct  6 2015 17:28:34 by "java_re" with gcc 4.3.0 20080428 (Red Hat 4.3.0-8)

time: Thu Nov  5 09:26:40 2015
elapsed time: 0 seconds (0d 0h 0m 0s)

